<?xml version="1.0" encoding="UTF-8"?>
<!-- Generated by org.testng.reporters.JUnitReportReporter -->
<testsuite hostname="Thinktime" failures="0" tests="1" name="runners.TestRunner" time="23.851" errors="0" timestamp="2025-03-15T12:33:50 IST" skipped="0">
  <testcase classname="runners.TestRunner" name="runScenario" time="23.851"/>
</testsuite> <!-- runners.TestRunner -->
